<?xml version="1.0" encoding="UTF-8"?>
<!-- Generated by org.testng.reporters.JUnitReportReporter -->
<testsuite skipped="0" hostname="ltnminh" name="com.allure.Testcase1" tests="1" failures="0" timestamp="2023-04-14T16:15:41 ICT" time="0.048" errors="0">
  <testcase name="testMethod1" time="0.048" classname="com.allure.Testcase1"/>
  <system-out/>
</testsuite> <!-- com.allure.Testcase1 -->
